[33m[vite:css][postcss] @import must precede all other statements (besides @charset or empty @layer)
933 |    --glow-critical: 0 0 16px rgba(211,47,47,0.15);
934 |  }
935 |  @import url('https://fonts.googleapis.com/css2?family=Inter:ital,opsz,wght@0,14..32,100..900;1,14..32,100..900&displa...
    |  ^^^^^^^^^^^^^^^^^^^^^^^^^^^^^^^^^^^^^^^^^^^^^^^^^^^^^^^^^^^^^^^^^^^^^^^^^^^^^^^^^^^^^^^^^^^^^^^^^^^^^^^^^^^^^^^^^^^^^^^^
936 |  *, *::before, *::after {
937 |    box-sizing: border-box;[39m
[33m[vite:css][postcss] @import must precede all other statements (besides @charset or empty @layer)
933 |    --glow-critical: 0 0 16px rgba(211,47,47,0.15);
934 |  }
935 |  @import url('https://fonts.googleapis.com/css2?family=Inter:ital,opsz,wght@0,14..32,100..900;1,14..32,100..900&displa...
    |  ^^^^^^^^^^^^^^^^^^^^^^^^^^^^^^^^^^^^^^^^^^^^^^^^^^^^^^^^^^^^^^^^^^^^^^^^^^^^^^^^^^^^^^^^^^^^^^^^^^^^^^^^^^^^^^^^^^^^^^^^
936 |  *, *::before, *::after {
937 |    box-sizing: border-box;[39m
[33m[vite:css][postcss] @import must precede all other statements (besides @charset or empty @layer)
933 |    --glow-critical: 0 0 16px rgba(211,47,47,0.15);
934 |  }
935 |  @import url('https://fonts.googleapis.com/css2?family=Inter:ital,opsz,wght@0,14..32,100..900;1,14..32,100..900&displa...
    |  ^^^^^^^^^^^^^^^^^^^^^^^^^^^^^^^^^^^^^^^^^^^^^^^^^^^^^^^^^^^^^^^^^^^^^^^^^^^^^^^^^^^^^^^^^^^^^^^^^^^^^^^^^^^^^^^^^^^^^^^^
936 |  *, *::before, *::after {
937 |    box-sizing: border-box;[39m
[33m[vite:css][postcss] @import must precede all other statements (besides @charset or empty @layer)
933 |    --glow-critical: 0 0 16px rgba(211,47,47,0.15);
934 |  }
935 |  @import url('https://fonts.googleapis.com/css2?family=Inter:ital,opsz,wght@0,14..32,100..900;1,14..32,100..900&displa...
    |  ^^^^^^^^^^^^^^^^^^^^^^^^^^^^^^^^^^^^^^^^^^^^^^^^^^^^^^^^^^^^^^^^^^^^^^^^^^^^^^^^^^^^^^^^^^^^^^^^^^^^^^^^^^^^^^^^^^^^^^^^
936 |  *, *::before, *::after {
937 |    box-sizing: border-box;[39m
[33m[vite:css][postcss] @import must precede all other statements (besides @charset or empty @layer)
933 |    --glow-critical: 0 0 16px rgba(211,47,47,0.15);
934 |  }
935 |  @import url('https://fonts.googleapis.com/css2?family=Inter:ital,opsz,wght@0,14..32,100..900;1,14..32,100..900&displa...
    |  ^^^^^^^^^^^^^^^^^^^^^^^^^^^^^^^^^^^^^^^^^^^^^^^^^^^^^^^^^^^^^^^^^^^^^^^^^^^^^^^^^^^^^^^^^^^^^^^^^^^^^^^^^^^^^^^^^^^^^^^^
936 |  *, *::before, *::after {
937 |    box-sizing: border-box;[39m
[33m[vite:css][postcss] @import must precede all other statements (besides @charset or empty @layer)
933 |    --glow-critical: 0 0 16px rgba(211,47,47,0.15);
934 |  }
935 |  @import url('https://fonts.googleapis.com/css2?family=Inter:ital,opsz,wght@0,14..32,100..900;1,14..32,100..900&displa...
    |  ^^^^^^^^^^^^^^^^^^^^^^^^^^^^^^^^^^^^^^^^^^^^^^^^^^^^^^^^^^^^^^^^^^^^^^^^^^^^^^^^^^^^^^^^^^^^^^^^^^^^^^^^^^^^^^^^^^^^^^^^
936 |  *, *::before, *::after {
937 |    box-sizing: border-box;[39m
[33m[vite:css][postcss] @import must precede all other statements (besides @charset or empty @layer)
933 |    --glow-critical: 0 0 16px rgba(211,47,47,0.15);
934 |  }
935 |  @import url('https://fonts.googleapis.com/css2?family=Inter:ital,opsz,wght@0,14..32,100..900;1,14..32,100..900&displa...
    |  ^^^^^^^^^^^^^^^^^^^^^^^^^^^^^^^^^^^^^^^^^^^^^^^^^^^^^^^^^^^^^^^^^^^^^^^^^^^^^^^^^^^^^^^^^^^^^^^^^^^^^^^^^^^^^^^^^^^^^^^^
936 |  *, *::before, *::after {
937 |    box-sizing: border-box;[39m
[33m[vite:css][postcss] @import must precede all other statements (besides @charset or empty @layer)
933 |    --glow-critical: 0 0 16px rgba(211,47,47,0.15);
934 |  }
935 |  @import url('https://fonts.googleapis.com/css2?family=Inter:ital,opsz,wght@0,14..32,100..900;1,14..32,100..900&displa...
    |  ^^^^^^^^^^^^^^^^^^^^^^^^^^^^^^^^^^^^^^^^^^^^^^^^^^^^^^^^^^^^^^^^^^^^^^^^^^^^^^^^^^^^^^^^^^^^^^^^^^^^^^^^^^^^^^^^^^^^^^^^
936 |  *, *::before, *::after {
937 |    box-sizing: border-box;[39m
